{"timestamp": "2025-09-18T16:44:22.800355", "operation": "key_received", "request_id": "req_1757960432832_22dac2e5", "session_id": "f6a843bf-f5ad-4bfb-ae90-d1eea823361a", "algorithm": "AES256_GCM", "expires_at": 1758224961, "has_key_material": true}
{"timestamp": "2025-09-18T16:44:24.216469", "operation": "receiver_error", "error": "", "received_fields": ["requestId", "sessionId", "selectedAlgorithm", "cryptoNonceB64", "cryptoCiphertextB64", "cryptoAlgorithm", "cryptoExpiresAt", "sourceId", "originUrl"]}
{"timestamp": "2025-09-18T16:50:31.119486", "operation": "debug_received_payload", "raw_payload": {"session_id": "d502a432-6ccd-4e6a-9fa2-8d2f31a12b71", "request_id": "req_1757960432832_22dac2e5", "algorithm": "AES256_GCM", "expires_at": 1758225330, "key_material": "dEtQmN+Cpkl+0uG+gAnYu2pMlyJlruFz5cFWB9oxaC4="}}
{"timestamp": "2025-09-18T16:50:31.120465", "operation": "key_received", "request_id": "req_1757960432832_22dac2e5", "session_id": "d502a432-6ccd-4e6a-9fa2-8d2f31a12b71", "algorithm": "AES256_GCM", "expires_at": 1758225330, "has_key_material": true}
{"timestamp": "2025-09-18T16:50:32.626221", "operation": "debug_received_payload", "raw_payload": {"requestId": "req_1757960432832_22dac2e5", "sessionId": "d502a432-6ccd-4e6a-9fa2-8d2f31a12b71", "selectedAlgorithm": "AES256_GCM", "cryptoNonceB64": "HMjtMp4OsIdQzmDG", "cryptoCiphertextB64": "Szo32D7LgviCAcAkZ/wisxKP9gSWUzOsLLD22A==", "cryptoAlgorithm": "AES256_GCM", "cryptoExpiresAt": 1758225330, "sourceId": null, "originUrl": "http://localhost:9000/receiver"}}
{"timestamp": "2025-09-18T16:50:32.634870", "operation": "receiver_error", "error": "Error processing payload: ", "received_fields": ["requestId", "sessionId", "selectedAlgorithm", "cryptoNonceB64", "cryptoCiphertextB64", "cryptoAlgorithm", "cryptoExpiresAt", "sourceId", "originUrl"]}
{"timestamp": "2025-09-18T16:55:10.957900", "operation": "debug_received_payload", "raw_payload": {"session_id": "01674161-dad9-48d4-b175-2f3e0813113f", "request_id": "req_1757960432832_22dac2e5", "algorithm": "AES256_GCM", "expires_at": 1758225610, "key_material": "wDMxFmjKgKjkj53BGP3QLQTyYNcC2Zihn8+YBxVNsXo="}}
{"timestamp": "2025-09-18T16:55:10.959410", "operation": "key_received", "request_id": "req_1757960432832_22dac2e5", "session_id": "01674161-dad9-48d4-b175-2f3e0813113f", "algorithm": "AES256_GCM", "expires_at": 1758225610, "has_key_material": true}
{"timestamp": "2025-09-18T16:55:12.346183", "operation": "debug_received_payload", "raw_payload": {"requestId": "req_1757960432832_22dac2e5", "sessionId": "01674161-dad9-48d4-b175-2f3e0813113f", "selectedAlgorithm": "AES256_GCM", "cryptoNonceB64": "BZoc5TDhdQXDlm3x", "cryptoCiphertextB64": "yqqKx2OkTI/AjbSMEse+afsGw3bmCc9CQNIEWg==", "cryptoAlgorithm": "AES256_GCM", "cryptoExpiresAt": 1758225610, "sourceId": null, "originUrl": "http://localhost:9000/receiver"}}
{"timestamp": "2025-09-18T16:55:12.355493", "operation": "decrypt_error", "request_id": "req_1757960432832_22dac2e5", "error": "", "nonce_b64": "BZoc5TDhdQXDlm3x", "ciphertext_b64": "yqqKx2OkTI/AjbSMEse+afsGw3bmCc9CQNIEWg==", "algorithm": "AES256_GCM"}
{"timestamp": "2025-09-18T16:55:21.260340", "operation": "debug_received_payload", "raw_payload": {"request_id": "req_123", "session_id": "sess_456", "key_material": "base64key", "algorithm": "AES256_GCM"}}
{"timestamp": "2025-09-18T16:55:21.261339", "operation": "key_received", "request_id": "req_123", "session_id": "sess_456", "algorithm": "AES256_GCM", "expires_at": null, "has_key_material": true}
{"timestamp": "2025-09-18T17:03:30.169945", "operation": "debug_received_payload", "raw_payload": {"session_id": "ea60f832-34b2-4d3a-8ce2-684d37c337ea", "request_id": "req_1757960432832_22dac2e5", "algorithm": "AES256_GCM", "expires_at": 1758226109, "key_material": "971YdP4TgxiWDSnj/U098vd7ijvWiMU7Hmg5x+2xdzg="}}
{"timestamp": "2025-09-18T17:03:30.178498", "operation": "key_received", "request_id": "req_1757960432832_22dac2e5", "session_id": "ea60f832-34b2-4d3a-8ce2-684d37c337ea", "algorithm": "AES256_GCM", "expires_at": 1758226109, "has_key_material": true}
{"timestamp": "2025-09-18T17:03:31.570701", "operation": "debug_received_payload", "raw_payload": {"requestId": "req_1757960432832_22dac2e5", "sessionId": "ea60f832-34b2-4d3a-8ce2-684d37c337ea", "selectedAlgorithm": "AES256_GCM", "cryptoNonceB64": "qpfAGE625tNFtk/I", "cryptoCiphertextB64": "z4oGnDXSRfO9O8ATWWAebz+jRCBOm9Lh9tqBuQ==", "cryptoAlgorithm": "AES256_GCM", "cryptoExpiresAt": 1758226109, "sourceId": null, "originUrl": "http://localhost:9000/receiver"}}
{"timestamp": "2025-09-18T17:03:31.579573", "operation": "message_decrypted", "request_id": "req_1757960432832_22dac2e5", "session_id": "ea60f832-34b2-4d3a-8ce2-684d37c337ea", "algorithm": "AES256_GCM", "nonce_b64": "qpfAGE625tNFtk/I", "ciphertext_b64": "z4oGnDXSRfO9O8ATWWAebz+jRCBOm9Lh9tqBuQ==", "plaintext": "Ol치, mundo!", "plaintext_length": 11}
{"timestamp": "2025-09-28T12:12:25.819663", "operation": "debug_received_payload", "raw_payload": {"session_id": "e3df4e99-bcc3-47a6-b96c-b4f3b477e7a0", "request_id": "req_1757960432832_22dac2e5", "algorithm": "AES256_GCM", "expires_at": 1759072644, "key_material": "q2iz6ycAx435+uQwn8M5z2oO9f96T6jCXxfY1lO35A0="}}
{"timestamp": "2025-09-28T12:12:25.827169", "operation": "key_received", "request_id": "req_1757960432832_22dac2e5", "session_id": "e3df4e99-bcc3-47a6-b96c-b4f3b477e7a0", "algorithm": "AES256_GCM", "expires_at": 1759072644, "has_key_material": true}
{"timestamp": "2025-09-28T12:12:28.421326", "operation": "debug_received_payload", "raw_payload": {"requestId": "req_1757960432832_22dac2e5", "sessionId": "e3df4e99-bcc3-47a6-b96c-b4f3b477e7a0", "selectedAlgorithm": "AES256_GCM", "cryptoNonceB64": "Km1DsR5YndP/afbk", "cryptoCiphertextB64": "V/rZ8gWkyA7/YUdglPSpI7IEYApGeyI1RVufHQ==", "cryptoAlgorithm": "AES256_GCM", "cryptoExpiresAt": 1759072644, "sourceId": null, "originUrl": "http://localhost:9000/receiver"}}
{"timestamp": "2025-09-28T12:12:28.442139", "operation": "message_decrypted", "request_id": "req_1757960432832_22dac2e5", "session_id": "e3df4e99-bcc3-47a6-b96c-b4f3b477e7a0", "algorithm": "AES256_GCM", "nonce_b64": "Km1DsR5YndP/afbk", "ciphertext_b64": "V/rZ8gWkyA7/YUdglPSpI7IEYApGeyI1RVufHQ==", "plaintext": "Ol치, mundo!", "plaintext_length": 11}
{"timestamp": "2025-09-28T12:21:36.948281", "operation": "debug_received_payload", "raw_payload": {"session_id": "ea88e8e8-2a3f-49a3-9ab0-2a2057719f3d", "request_id": "req_123", "algorithm": "AES256_GCM", "expires_at": 1759073196, "key_material": "ViAUvYJOl6EEZ6HR+MfJFbq9aDwBDhXy439/UW3sFqs="}}
{"timestamp": "2025-09-28T12:21:36.948281", "operation": "key_received", "request_id": "req_123", "session_id": "ea88e8e8-2a3f-49a3-9ab0-2a2057719f3d", "algorithm": "AES256_GCM", "expires_at": 1759073196, "has_key_material": true}
{"timestamp": "2025-09-28T12:25:10.016903", "operation": "debug_received_payload", "raw_payload": {"session_id": "2a8cb861-1da8-4e0c-9c62-10b9d4fbe44d", "request_id": "req_123", "algorithm": "AES256_GCM", "expires_at": 1759073409, "key_material": "kuK4pxEVQ8X4xE5668UUWDzcIdXboI8wxRH1GuxtWiM="}}
{"timestamp": "2025-09-28T12:25:10.022913", "operation": "key_received", "request_id": "req_123", "session_id": "2a8cb861-1da8-4e0c-9c62-10b9d4fbe44d", "algorithm": "AES256_GCM", "expires_at": 1759073409, "has_key_material": true}
{"timestamp": "2025-09-28T12:30:03.241231", "operation": "debug_received_payload", "raw_payload": {"session_id": "377fb65f-1ffb-428c-b15a-69d50a04dc7d", "request_id": "req_123", "algorithm": "AES256_GCM", "expires_at": 1759073702, "key_material": "cq13XW4wS7U+QBay8/WmXSbsXDLGTytOxg2Gj1uodG4="}}
{"timestamp": "2025-09-28T12:30:03.250321", "operation": "key_received", "request_id": "req_123", "session_id": "377fb65f-1ffb-428c-b15a-69d50a04dc7d", "algorithm": "AES256_GCM", "expires_at": 1759073702, "has_key_material": true}
{"timestamp": "2025-09-28T12:32:36.023308", "operation": "debug_received_payload", "raw_payload": {"session_id": "b86bd4f5-eb2a-4eaf-9a2d-d8141f309d4d", "request_id": "req_123", "algorithm": "AES256_GCM", "expires_at": 1759073855, "key_material": "N0/3UP7pp+8nS2g9GZT0f00qpR3JmRk3ggsTKMlzBKs="}}
{"timestamp": "2025-09-28T12:32:36.031335", "operation": "key_received", "request_id": "req_123", "session_id": "b86bd4f5-eb2a-4eaf-9a2d-d8141f309d4d", "algorithm": "AES256_GCM", "expires_at": 1759073855, "has_key_material": true}
{"timestamp": "2025-09-28T12:33:00.672934", "operation": "debug_received_payload", "raw_payload": {"session_id": "29f0ad30-2cb2-487e-adb7-5fdb29596515", "request_id": "req_123", "algorithm": "AES256_GCM", "expires_at": 1759073879, "key_material": "0ekhGpJdPJmA1K/0jl1XXQaWOCvEPWkgeJn+acpIfC8="}}
{"timestamp": "2025-09-28T12:33:00.680484", "operation": "key_received", "request_id": "req_123", "session_id": "29f0ad30-2cb2-487e-adb7-5fdb29596515", "algorithm": "AES256_GCM", "expires_at": 1759073879, "has_key_material": true}
{"timestamp": "2025-09-28T12:51:06.303787", "operation": "debug_received_payload", "raw_payload": {"session_id": "cfcdbbcb-20b7-4b69-b47b-1796ea9703d3", "request_id": "req_123", "algorithm": "AES256_GCM", "expires_at": 1759074965, "key_material": "zpxFlo/13syC72/IZLFDDlAljBAcTz8LS0gwcgbBWBY="}}
{"timestamp": "2025-09-28T12:51:06.313496", "operation": "key_received", "request_id": "req_123", "session_id": "cfcdbbcb-20b7-4b69-b47b-1796ea9703d3", "algorithm": "AES256_GCM", "expires_at": 1759074965, "has_key_material": true}
{"timestamp": "2025-09-30T16:03:44.004614", "operation": "debug_received_payload", "raw_payload": {"session_id": "e5f90b03-1f92-430f-af95-843beb4026fb", "request_id": "req_1757960432832_22dac2e5", "algorithm": "AES256_GCM", "expires_at": 1759259323, "key_material": "A5rDuVjBIe1D44Cu71szLKbOQ8Em0IOUbVApKG8WS1A="}}
{"timestamp": "2025-09-30T16:03:44.013136", "operation": "key_received", "request_id": "req_1757960432832_22dac2e5", "session_id": "e5f90b03-1f92-430f-af95-843beb4026fb", "algorithm": "AES256_GCM", "expires_at": 1759259323, "has_key_material": true}
{"timestamp": "2025-09-30T16:03:46.145549", "operation": "debug_received_payload", "raw_payload": {"requestId": "req_1757960432832_22dac2e5", "sessionId": "e5f90b03-1f92-430f-af95-843beb4026fb", "selectedAlgorithm": "AES256_GCM", "cryptoNonceB64": "LA/+g8s0h7JPLmTK", "cryptoCiphertextB64": "eH+pc+2+sjRE3WjppF1p0u6bk7GXPWsldmr2Iw==", "cryptoAlgorithm": "AES256_GCM", "cryptoExpiresAt": 1759259323, "sourceId": null, "originUrl": "http://localhost:9000/receiver"}}
{"timestamp": "2025-09-30T16:03:46.168734", "operation": "message_decrypted", "request_id": "req_1757960432832_22dac2e5", "session_id": "e5f90b03-1f92-430f-af95-843beb4026fb", "algorithm": "AES256_GCM", "nonce_b64": "LA/+g8s0h7JPLmTK", "ciphertext_b64": "eH+pc+2+sjRE3WjppF1p0u6bk7GXPWsldmr2Iw==", "plaintext": "Ol치, mundo!", "plaintext_length": 11}
{"timestamp": "2025-09-30T16:14:32.393826", "operation": "debug_received_payload", "raw_payload": {"session_id": "fe15b9dd-4066-4d01-9eca-56212d047283", "request_id": "req_1757960432832_22dac2e5", "algorithm": "AES256_GCM", "expires_at": 1759259971, "key_material": "ceAhk/Ot5RAA1YAxDEeKaguMb/w6//gMeX4ksGE9puE="}}
{"timestamp": "2025-09-30T16:14:32.393826", "operation": "key_received", "request_id": "req_1757960432832_22dac2e5", "session_id": "fe15b9dd-4066-4d01-9eca-56212d047283", "algorithm": "AES256_GCM", "expires_at": 1759259971, "has_key_material": true}
{"timestamp": "2025-09-30T16:14:34.173361", "operation": "debug_received_payload", "raw_payload": {"requestId": "req_1757960432832_22dac2e5", "sessionId": "fe15b9dd-4066-4d01-9eca-56212d047283", "selectedAlgorithm": "AES256_GCM", "cryptoNonceB64": "q84+p7vrOgPpfLBN", "cryptoCiphertextB64": "8JJVr74R2KqQuUNiFjWYQWzdws62dub4bdat6g==", "cryptoAlgorithm": "AES256_GCM", "cryptoExpiresAt": 1759259971, "sourceId": null, "originUrl": "http://localhost:9000/receiver"}}
{"timestamp": "2025-09-30T16:14:34.180381", "operation": "message_decrypted", "request_id": "req_1757960432832_22dac2e5", "session_id": "fe15b9dd-4066-4d01-9eca-56212d047283", "algorithm": "AES256_GCM", "nonce_b64": "q84+p7vrOgPpfLBN", "ciphertext_b64": "8JJVr74R2KqQuUNiFjWYQWzdws62dub4bdat6g==", "plaintext": "Ol치, mundo!", "plaintext_length": 11}
{"timestamp": "2025-09-30T16:16:09.038166", "operation": "debug_received_payload", "raw_payload": {"session_id": "370efd2e-ce1c-49c3-827f-b734aa72141a", "request_id": "req_123", "algorithm": "AES256_GCM", "expires_at": 1759260068, "key_material": "o8YTFbkczNcOM4As92lUK22FaZdorq++lMcBg9hvw8Q="}}
{"timestamp": "2025-09-30T16:16:09.038166", "operation": "key_received", "request_id": "req_123", "session_id": "370efd2e-ce1c-49c3-827f-b734aa72141a", "algorithm": "AES256_GCM", "expires_at": 1759260068, "has_key_material": true}
{"timestamp": "2025-09-30T16:38:41.065615", "operation": "debug_received_payload", "raw_payload": {"session_id": "91236958-339e-4283-8836-008bce5c7fda", "request_id": "req_123", "algorithm": "AES256_GCM", "expires_at": 1759261420, "key_material": "NmiNXManrNkVwFuzVZ1De1i8g2uja6yeCvaPht+x3UM="}}
{"timestamp": "2025-09-30T16:38:41.067127", "operation": "key_received", "request_id": "req_123", "session_id": "91236958-339e-4283-8836-008bce5c7fda", "algorithm": "AES256_GCM", "expires_at": 1759261420, "has_key_material": true}
{"timestamp": "2025-09-30T16:41:41.916390", "operation": "debug_received_payload", "raw_payload": {"session_id": "b41da2e2-8556-430a-b969-f7186fa893d9", "request_id": "req_123", "algorithm": "AES256_GCM", "expires_at": 1759261600, "key_material": "X9z8HtLpAkw0G49nPC+gBQXL+p+0U0QwL+w20nxv3bA="}}
{"timestamp": "2025-09-30T16:41:41.924606", "operation": "key_received", "request_id": "req_123", "session_id": "b41da2e2-8556-430a-b969-f7186fa893d9", "algorithm": "AES256_GCM", "expires_at": 1759261600, "has_key_material": true}
{"timestamp": "2025-09-30T16:42:37.994039", "operation": "debug_received_payload", "raw_payload": {"session_id": "2b17504a-fb54-44ec-8093-1649b4406712", "request_id": "req_123", "algorithm": "AES256_GCM", "expires_at": 1759261657, "key_material": "2b2vMKjVolQycH6+NN1LlrTjhc4ar2uRtr65VaYt9ik="}}
{"timestamp": "2025-09-30T16:42:38.001546", "operation": "key_received", "request_id": "req_123", "session_id": "2b17504a-fb54-44ec-8093-1649b4406712", "algorithm": "AES256_GCM", "expires_at": 1759261657, "has_key_material": true}
